<?xml version="1.0" encoding="UTF-8"?>
<testsuite xmlns:xsi="http://www.w3.org/2001/XMLSchema-instance" xsi:noNamespaceSchemaLocation="https://maven.apache.org/surefire/maven-surefire-plugin/xsd/surefire-test-report.xsd" version="3.0.2" name="TestSuite" time="4.241" tests="3" errors="0" skipped="0" failures="0">
  <properties>
    <property name="java.specification.version" value="21"/>
    <property name="sun.cpu.isalist" value="amd64"/>
    <property name="sun.jnu.encoding" value="Cp1252"/>
    <property name="java.class.path" value="C:\Users\vpnar\eclipse-workspace\SampleTest\target\test-classes;C:\Users\vpnar\eclipse-workspace\SampleTest\target\classes;C:\Users\vpnar\.m2\repository\io\cucumber\cucumber-java\7.22.1\cucumber-java-7.22.1.jar;C:\Users\vpnar\.m2\repository\io\cucumber\cucumber-core\7.22.1\cucumber-core-7.22.1.jar;C:\Users\vpnar\.m2\repository\io\cucumber\cucumber-gherkin\7.22.1\cucumber-gherkin-7.22.1.jar;C:\Users\vpnar\.m2\repository\io\cucumber\cucumber-gherkin-messages\7.22.1\cucumber-gherkin-messages-7.22.1.jar;C:\Users\vpnar\.m2\repository\io\cucumber\gherkin\32.1.1\gherkin-32.1.1.jar;C:\Users\vpnar\.m2\repository\io\cucumber\messages\27.2.0\messages-27.2.0.jar;C:\Users\vpnar\.m2\repository\io\cucumber\testng-xml-formatter\0.3.1\testng-xml-formatter-0.3.1.jar;C:\Users\vpnar\.m2\repository\io\cucumber\query\13.4.0\query-13.4.0.jar;C:\Users\vpnar\.m2\repository\io\cucumber\tag-expressions\6.1.2\tag-expressions-6.1.2.jar;C:\Users\vpnar\.m2\repository\io\cucumber\cucumber-expressions\18.0.1\cucumber-expressions-18.0.1.jar;C:\Users\vpnar\.m2\repository\io\cucumber\datatable\7.22.1\datatable-7.22.1.jar;C:\Users\vpnar\.m2\repository\io\cucumber\cucumber-plugin\7.22.1\cucumber-plugin-7.22.1.jar;C:\Users\vpnar\.m2\repository\io\cucumber\docstring\7.22.1\docstring-7.22.1.jar;C:\Users\vpnar\.m2\repository\io\cucumber\html-formatter\21.10.1\html-formatter-21.10.1.jar;C:\Users\vpnar\.m2\repository\io\cucumber\junit-xml-formatter\0.7.1\junit-xml-formatter-0.7.1.jar;C:\Users\vpnar\.m2\repository\io\cucumber\ci-environment\10.0.1\ci-environment-10.0.1.jar;C:\Users\vpnar\.m2\repository\org\apiguardian\apiguardian-api\1.1.2\apiguardian-api-1.1.2.jar;C:\Users\vpnar\.m2\repository\io\cucumber\cucumber-junit\7.22.1\cucumber-junit-7.22.1.jar;C:\Users\vpnar\.m2\repository\org\seleniumhq\selenium\selenium-java\4.31.0\selenium-java-4.31.0.jar;C:\Users\vpnar\.m2\repository\org\seleniumhq\selenium\selenium-api\4.31.0\selenium-api-4.31.0.jar;C:\Users\vpnar\.m2\repository\org\jspecify\jspecify\1.0.0\jspecify-1.0.0.jar;C:\Users\vpnar\.m2\repository\org\seleniumhq\selenium\selenium-chrome-driver\4.31.0\selenium-chrome-driver-4.31.0.jar;C:\Users\vpnar\.m2\repository\com\google\auto\service\auto-service-annotations\1.1.1\auto-service-annotations-1.1.1.jar;C:\Users\vpnar\.m2\repository\org\seleniumhq\selenium\selenium-chromium-driver\4.31.0\selenium-chromium-driver-4.31.0.jar;C:\Users\vpnar\.m2\repository\org\seleniumhq\selenium\selenium-json\4.31.0\selenium-json-4.31.0.jar;C:\Users\vpnar\.m2\repository\org\seleniumhq\selenium\selenium-manager\4.31.0\selenium-manager-4.31.0.jar;C:\Users\vpnar\.m2\repository\org\seleniumhq\selenium\selenium-devtools-v133\4.31.0\selenium-devtools-v133-4.31.0.jar;C:\Users\vpnar\.m2\repository\org\seleniumhq\selenium\selenium-devtools-v134\4.31.0\selenium-devtools-v134-4.31.0.jar;C:\Users\vpnar\.m2\repository\org\seleniumhq\selenium\selenium-devtools-v135\4.31.0\selenium-devtools-v135-4.31.0.jar;C:\Users\vpnar\.m2\repository\org\seleniumhq\selenium\selenium-edge-driver\4.31.0\selenium-edge-driver-4.31.0.jar;C:\Users\vpnar\.m2\repository\org\seleniumhq\selenium\selenium-firefox-driver\4.31.0\selenium-firefox-driver-4.31.0.jar;C:\Users\vpnar\.m2\repository\org\seleniumhq\selenium\selenium-http\4.31.0\selenium-http-4.31.0.jar;C:\Users\vpnar\.m2\repository\org\seleniumhq\selenium\selenium-ie-driver\4.31.0\selenium-ie-driver-4.31.0.jar;C:\Users\vpnar\.m2\repository\org\seleniumhq\selenium\selenium-remote-driver\4.31.0\selenium-remote-driver-4.31.0.jar;C:\Users\vpnar\.m2\repository\com\google\guava\guava\33.4.6-jre\guava-33.4.6-jre.jar;C:\Users\vpnar\.m2\repository\com\google\guava\failureaccess\1.0.3\failureaccess-1.0.3.jar;C:\Users\vpnar\.m2\repository\com\google\guava\listenablefuture\9999.0-empty-to-avoid-conflict-with-guava\listenablefuture-9999.0-empty-to-avoid-conflict-with-guava.jar;C:\Users\vpnar\.m2\repository\com\google\errorprone\error_prone_annotations\2.36.0\error_prone_annotations-2.36.0.jar;C:\Users\vpnar\.m2\repository\com\google\j2objc\j2objc-annotations\3.0.0\j2objc-annotations-3.0.0.jar;C:\Users\vpnar\.m2\repository\io\opentelemetry\opentelemetry-api\1.48.0\opentelemetry-api-1.48.0.jar;C:\Users\vpnar\.m2\repository\io\opentelemetry\opentelemetry-context\1.48.0\opentelemetry-context-1.48.0.jar;C:\Users\vpnar\.m2\repository\io\opentelemetry\opentelemetry-exporter-logging\1.48.0\opentelemetry-exporter-logging-1.48.0.jar;C:\Users\vpnar\.m2\repository\io\opentelemetry\opentelemetry-sdk-common\1.48.0\opentelemetry-sdk-common-1.48.0.jar;C:\Users\vpnar\.m2\repository\io\opentelemetry\opentelemetry-sdk-extension-autoconfigure-spi\1.48.0\opentelemetry-sdk-extension-autoconfigure-spi-1.48.0.jar;C:\Users\vpnar\.m2\repository\io\opentelemetry\opentelemetry-sdk-extension-autoconfigure\1.48.0\opentelemetry-sdk-extension-autoconfigure-1.48.0.jar;C:\Users\vpnar\.m2\repository\io\opentelemetry\opentelemetry-sdk-trace\1.48.0\opentelemetry-sdk-trace-1.48.0.jar;C:\Users\vpnar\.m2\repository\io\opentelemetry\opentelemetry-sdk\1.48.0\opentelemetry-sdk-1.48.0.jar;C:\Users\vpnar\.m2\repository\io\opentelemetry\opentelemetry-sdk-metrics\1.48.0\opentelemetry-sdk-metrics-1.48.0.jar;C:\Users\vpnar\.m2\repository\io\opentelemetry\opentelemetry-sdk-logs\1.48.0\opentelemetry-sdk-logs-1.48.0.jar;C:\Users\vpnar\.m2\repository\net\bytebuddy\byte-buddy\1.17.5\byte-buddy-1.17.5.jar;C:\Users\vpnar\.m2\repository\org\seleniumhq\selenium\selenium-os\4.31.0\selenium-os-4.31.0.jar;C:\Users\vpnar\.m2\repository\org\apache\commons\commons-exec\1.4.0\commons-exec-1.4.0.jar;C:\Users\vpnar\.m2\repository\org\seleniumhq\selenium\selenium-safari-driver\4.31.0\selenium-safari-driver-4.31.0.jar;C:\Users\vpnar\.m2\repository\org\seleniumhq\selenium\selenium-support\4.31.0\selenium-support-4.31.0.jar;C:\Users\vpnar\.m2\repository\net\masterthought\cucumber-reporting\5.8.4\cucumber-reporting-5.8.4.jar;C:\Users\vpnar\.m2\repository\com\fasterxml\jackson\core\jackson-databind\2.18.1\jackson-databind-2.18.1.jar;C:\Users\vpnar\.m2\repository\com\fasterxml\jackson\core\jackson-annotations\2.18.1\jackson-annotations-2.18.1.jar;C:\Users\vpnar\.m2\repository\com\fasterxml\jackson\core\jackson-core\2.18.1\jackson-core-2.18.1.jar;C:\Users\vpnar\.m2\repository\com\fasterxml\jackson\datatype\jackson-datatype-jsr310\2.18.1\jackson-datatype-jsr310-2.18.1.jar;C:\Users\vpnar\.m2\repository\org\apache\velocity\velocity-engine-core\2.4.1\velocity-engine-core-2.4.1.jar;C:\Users\vpnar\.m2\repository\joda-time\joda-time\2.13.0\joda-time-2.13.0.jar;C:\Users\vpnar\.m2\repository\org\apache\commons\commons-configuration2\2.11.0\commons-configuration2-2.11.0.jar;C:\Users\vpnar\.m2\repository\org\apache\commons\commons-lang3\3.17.0\commons-lang3-3.17.0.jar;C:\Users\vpnar\.m2\repository\commons-io\commons-io\2.17.0\commons-io-2.17.0.jar;C:\Users\vpnar\.m2\repository\org\apache\commons\commons-text\1.12.0\commons-text-1.12.0.jar;C:\Users\vpnar\.m2\repository\org\jsoup\jsoup\1.18.1\jsoup-1.18.1.jar;C:\Users\vpnar\.m2\repository\com\googlecode\owasp-java-html-sanitizer\owasp-java-html-sanitizer\20240325.1\owasp-java-html-sanitizer-20240325.1.jar;C:\Users\vpnar\.m2\repository\com\googlecode\owasp-java-html-sanitizer\java8-shim\20240325.1\java8-shim-20240325.1.jar;C:\Users\vpnar\.m2\repository\com\googlecode\owasp-java-html-sanitizer\java10-shim\20240325.1\java10-shim-20240325.1.jar;C:\Users\vpnar\.m2\repository\org\slf4j\slf4j-api\2.0.16\slf4j-api-2.0.16.jar;C:\Users\vpnar\.m2\repository\org\slf4j\jcl-over-slf4j\2.0.16\jcl-over-slf4j-2.0.16.jar;C:\Users\vpnar\.m2\repository\junit\junit\4.13.2\junit-4.13.2.jar;C:\Users\vpnar\.m2\repository\org\hamcrest\hamcrest-core\1.3\hamcrest-core-1.3.jar;C:\Users\vpnar\.m2\repository\org\testng\testng\7.11.0\testng-7.11.0.jar;C:\Users\vpnar\.m2\repository\org\jcommander\jcommander\1.83\jcommander-1.83.jar;C:\Users\vpnar\.m2\repository\org\webjars\jquery\3.7.1\jquery-3.7.1.jar;"/>
    <property name="java.vm.vendor" value="Eclipse Adoptium"/>
    <property name="sun.arch.data.model" value="64"/>
    <property name="user.variant" value=""/>
    <property name="java.vendor.url" value="https://adoptium.net/"/>
    <property name="user.timezone" value="Asia/Calcutta"/>
    <property name="os.name" value="Windows 11"/>
    <property name="java.vm.specification.version" value="21"/>
    <property name="sun.java.launcher" value="SUN_STANDARD"/>
    <property name="user.country" value="IN"/>
    <property name="sun.boot.library.path" value="C:\Users\vpnar\.p2\pool\plugins\org.eclipse.justj.openjdk.hotspot.jre.full.win32.x86_64_21.0.6.v20250130-0529\jre\bin"/>
    <property name="sun.java.command" value="C:\Users\vpnar\AppData\Local\Temp\surefire10873128950182110958\surefirebooter-20250709155211624_3.jar C:\Users\vpnar\AppData\Local\Temp\surefire10873128950182110958 2025-07-09T15-52-11_477-jvmRun1 surefire-20250709155211624_1tmp surefire_0-20250709155211624_2tmp"/>
    <property name="jdk.debug" value="release"/>
    <property name="surefire.test.class.path" value="C:\Users\vpnar\eclipse-workspace\SampleTest\target\test-classes;C:\Users\vpnar\eclipse-workspace\SampleTest\target\classes;C:\Users\vpnar\.m2\repository\io\cucumber\cucumber-java\7.22.1\cucumber-java-7.22.1.jar;C:\Users\vpnar\.m2\repository\io\cucumber\cucumber-core\7.22.1\cucumber-core-7.22.1.jar;C:\Users\vpnar\.m2\repository\io\cucumber\cucumber-gherkin\7.22.1\cucumber-gherkin-7.22.1.jar;C:\Users\vpnar\.m2\repository\io\cucumber\cucumber-gherkin-messages\7.22.1\cucumber-gherkin-messages-7.22.1.jar;C:\Users\vpnar\.m2\repository\io\cucumber\gherkin\32.1.1\gherkin-32.1.1.jar;C:\Users\vpnar\.m2\repository\io\cucumber\messages\27.2.0\messages-27.2.0.jar;C:\Users\vpnar\.m2\repository\io\cucumber\testng-xml-formatter\0.3.1\testng-xml-formatter-0.3.1.jar;C:\Users\vpnar\.m2\repository\io\cucumber\query\13.4.0\query-13.4.0.jar;C:\Users\vpnar\.m2\repository\io\cucumber\tag-expressions\6.1.2\tag-expressions-6.1.2.jar;C:\Users\vpnar\.m2\repository\io\cucumber\cucumber-expressions\18.0.1\cucumber-expressions-18.0.1.jar;C:\Users\vpnar\.m2\repository\io\cucumber\datatable\7.22.1\datatable-7.22.1.jar;C:\Users\vpnar\.m2\repository\io\cucumber\cucumber-plugin\7.22.1\cucumber-plugin-7.22.1.jar;C:\Users\vpnar\.m2\repository\io\cucumber\docstring\7.22.1\docstring-7.22.1.jar;C:\Users\vpnar\.m2\repository\io\cucumber\html-formatter\21.10.1\html-formatter-21.10.1.jar;C:\Users\vpnar\.m2\repository\io\cucumber\junit-xml-formatter\0.7.1\junit-xml-formatter-0.7.1.jar;C:\Users\vpnar\.m2\repository\io\cucumber\ci-environment\10.0.1\ci-environment-10.0.1.jar;C:\Users\vpnar\.m2\repository\org\apiguardian\apiguardian-api\1.1.2\apiguardian-api-1.1.2.jar;C:\Users\vpnar\.m2\repository\io\cucumber\cucumber-junit\7.22.1\cucumber-junit-7.22.1.jar;C:\Users\vpnar\.m2\repository\org\seleniumhq\selenium\selenium-java\4.31.0\selenium-java-4.31.0.jar;C:\Users\vpnar\.m2\repository\org\seleniumhq\selenium\selenium-api\4.31.0\selenium-api-4.31.0.jar;C:\Users\vpnar\.m2\repository\org\jspecify\jspecify\1.0.0\jspecify-1.0.0.jar;C:\Users\vpnar\.m2\repository\org\seleniumhq\selenium\selenium-chrome-driver\4.31.0\selenium-chrome-driver-4.31.0.jar;C:\Users\vpnar\.m2\repository\com\google\auto\service\auto-service-annotations\1.1.1\auto-service-annotations-1.1.1.jar;C:\Users\vpnar\.m2\repository\org\seleniumhq\selenium\selenium-chromium-driver\4.31.0\selenium-chromium-driver-4.31.0.jar;C:\Users\vpnar\.m2\repository\org\seleniumhq\selenium\selenium-json\4.31.0\selenium-json-4.31.0.jar;C:\Users\vpnar\.m2\repository\org\seleniumhq\selenium\selenium-manager\4.31.0\selenium-manager-4.31.0.jar;C:\Users\vpnar\.m2\repository\org\seleniumhq\selenium\selenium-devtools-v133\4.31.0\selenium-devtools-v133-4.31.0.jar;C:\Users\vpnar\.m2\repository\org\seleniumhq\selenium\selenium-devtools-v134\4.31.0\selenium-devtools-v134-4.31.0.jar;C:\Users\vpnar\.m2\repository\org\seleniumhq\selenium\selenium-devtools-v135\4.31.0\selenium-devtools-v135-4.31.0.jar;C:\Users\vpnar\.m2\repository\org\seleniumhq\selenium\selenium-edge-driver\4.31.0\selenium-edge-driver-4.31.0.jar;C:\Users\vpnar\.m2\repository\org\seleniumhq\selenium\selenium-firefox-driver\4.31.0\selenium-firefox-driver-4.31.0.jar;C:\Users\vpnar\.m2\repository\org\seleniumhq\selenium\selenium-http\4.31.0\selenium-http-4.31.0.jar;C:\Users\vpnar\.m2\repository\org\seleniumhq\selenium\selenium-ie-driver\4.31.0\selenium-ie-driver-4.31.0.jar;C:\Users\vpnar\.m2\repository\org\seleniumhq\selenium\selenium-remote-driver\4.31.0\selenium-remote-driver-4.31.0.jar;C:\Users\vpnar\.m2\repository\com\google\guava\guava\33.4.6-jre\guava-33.4.6-jre.jar;C:\Users\vpnar\.m2\repository\com\google\guava\failureaccess\1.0.3\failureaccess-1.0.3.jar;C:\Users\vpnar\.m2\repository\com\google\guava\listenablefuture\9999.0-empty-to-avoid-conflict-with-guava\listenablefuture-9999.0-empty-to-avoid-conflict-with-guava.jar;C:\Users\vpnar\.m2\repository\com\google\errorprone\error_prone_annotations\2.36.0\error_prone_annotations-2.36.0.jar;C:\Users\vpnar\.m2\repository\com\google\j2objc\j2objc-annotations\3.0.0\j2objc-annotations-3.0.0.jar;C:\Users\vpnar\.m2\repository\io\opentelemetry\opentelemetry-api\1.48.0\opentelemetry-api-1.48.0.jar;C:\Users\vpnar\.m2\repository\io\opentelemetry\opentelemetry-context\1.48.0\opentelemetry-context-1.48.0.jar;C:\Users\vpnar\.m2\repository\io\opentelemetry\opentelemetry-exporter-logging\1.48.0\opentelemetry-exporter-logging-1.48.0.jar;C:\Users\vpnar\.m2\repository\io\opentelemetry\opentelemetry-sdk-common\1.48.0\opentelemetry-sdk-common-1.48.0.jar;C:\Users\vpnar\.m2\repository\io\opentelemetry\opentelemetry-sdk-extension-autoconfigure-spi\1.48.0\opentelemetry-sdk-extension-autoconfigure-spi-1.48.0.jar;C:\Users\vpnar\.m2\repository\io\opentelemetry\opentelemetry-sdk-extension-autoconfigure\1.48.0\opentelemetry-sdk-extension-autoconfigure-1.48.0.jar;C:\Users\vpnar\.m2\repository\io\opentelemetry\opentelemetry-sdk-trace\1.48.0\opentelemetry-sdk-trace-1.48.0.jar;C:\Users\vpnar\.m2\repository\io\opentelemetry\opentelemetry-sdk\1.48.0\opentelemetry-sdk-1.48.0.jar;C:\Users\vpnar\.m2\repository\io\opentelemetry\opentelemetry-sdk-metrics\1.48.0\opentelemetry-sdk-metrics-1.48.0.jar;C:\Users\vpnar\.m2\repository\io\opentelemetry\opentelemetry-sdk-logs\1.48.0\opentelemetry-sdk-logs-1.48.0.jar;C:\Users\vpnar\.m2\repository\net\bytebuddy\byte-buddy\1.17.5\byte-buddy-1.17.5.jar;C:\Users\vpnar\.m2\repository\org\seleniumhq\selenium\selenium-os\4.31.0\selenium-os-4.31.0.jar;C:\Users\vpnar\.m2\repository\org\apache\commons\commons-exec\1.4.0\commons-exec-1.4.0.jar;C:\Users\vpnar\.m2\repository\org\seleniumhq\selenium\selenium-safari-driver\4.31.0\selenium-safari-driver-4.31.0.jar;C:\Users\vpnar\.m2\repository\org\seleniumhq\selenium\selenium-support\4.31.0\selenium-support-4.31.0.jar;C:\Users\vpnar\.m2\repository\net\masterthought\cucumber-reporting\5.8.4\cucumber-reporting-5.8.4.jar;C:\Users\vpnar\.m2\repository\com\fasterxml\jackson\core\jackson-databind\2.18.1\jackson-databind-2.18.1.jar;C:\Users\vpnar\.m2\repository\com\fasterxml\jackson\core\jackson-annotations\2.18.1\jackson-annotations-2.18.1.jar;C:\Users\vpnar\.m2\repository\com\fasterxml\jackson\core\jackson-core\2.18.1\jackson-core-2.18.1.jar;C:\Users\vpnar\.m2\repository\com\fasterxml\jackson\datatype\jackson-datatype-jsr310\2.18.1\jackson-datatype-jsr310-2.18.1.jar;C:\Users\vpnar\.m2\repository\org\apache\velocity\velocity-engine-core\2.4.1\velocity-engine-core-2.4.1.jar;C:\Users\vpnar\.m2\repository\joda-time\joda-time\2.13.0\joda-time-2.13.0.jar;C:\Users\vpnar\.m2\repository\org\apache\commons\commons-configuration2\2.11.0\commons-configuration2-2.11.0.jar;C:\Users\vpnar\.m2\repository\org\apache\commons\commons-lang3\3.17.0\commons-lang3-3.17.0.jar;C:\Users\vpnar\.m2\repository\commons-io\commons-io\2.17.0\commons-io-2.17.0.jar;C:\Users\vpnar\.m2\repository\org\apache\commons\commons-text\1.12.0\commons-text-1.12.0.jar;C:\Users\vpnar\.m2\repository\org\jsoup\jsoup\1.18.1\jsoup-1.18.1.jar;C:\Users\vpnar\.m2\repository\com\googlecode\owasp-java-html-sanitizer\owasp-java-html-sanitizer\20240325.1\owasp-java-html-sanitizer-20240325.1.jar;C:\Users\vpnar\.m2\repository\com\googlecode\owasp-java-html-sanitizer\java8-shim\20240325.1\java8-shim-20240325.1.jar;C:\Users\vpnar\.m2\repository\com\googlecode\owasp-java-html-sanitizer\java10-shim\20240325.1\java10-shim-20240325.1.jar;C:\Users\vpnar\.m2\repository\org\slf4j\slf4j-api\2.0.16\slf4j-api-2.0.16.jar;C:\Users\vpnar\.m2\repository\org\slf4j\jcl-over-slf4j\2.0.16\jcl-over-slf4j-2.0.16.jar;C:\Users\vpnar\.m2\repository\junit\junit\4.13.2\junit-4.13.2.jar;C:\Users\vpnar\.m2\repository\org\hamcrest\hamcrest-core\1.3\hamcrest-core-1.3.jar;C:\Users\vpnar\.m2\repository\org\testng\testng\7.11.0\testng-7.11.0.jar;C:\Users\vpnar\.m2\repository\org\jcommander\jcommander\1.83\jcommander-1.83.jar;C:\Users\vpnar\.m2\repository\org\webjars\jquery\3.7.1\jquery-3.7.1.jar;"/>
    <property name="sun.cpu.endian" value="little"/>
    <property name="user.home" value="C:\Users\vpnar"/>
    <property name="user.language" value="en"/>
    <property name="java.specification.vendor" value="Oracle Corporation"/>
    <property name="java.version.date" value="2025-01-21"/>
    <property name="java.home" value="C:\Users\vpnar\.p2\pool\plugins\org.eclipse.justj.openjdk.hotspot.jre.full.win32.x86_64_21.0.6.v20250130-0529\jre"/>
    <property name="file.separator" value="\"/>
    <property name="basedir" value="C:\Users\vpnar\eclipse-workspace\SampleTest"/>
    <property name="style.color" value="always"/>
    <property name="java.vm.compressedOopsMode" value="Zero based"/>
    <property name="line.separator" value="&#10;"/>
    <property name="java.vm.specification.vendor" value="Oracle Corporation"/>
    <property name="java.specification.name" value="Java Platform API Specification"/>
    <property name="surefire.real.class.path" value="C:\Users\vpnar\AppData\Local\Temp\surefire10873128950182110958\surefirebooter-20250709155211624_3.jar"/>
    <property name="user.script" value=""/>
    <property name="sun.management.compiler" value="HotSpot 64-Bit Tiered Compilers"/>
    <property name="java.runtime.version" value="21.0.6+7-LTS"/>
    <property name="user.name" value="vpnar"/>
    <property name="stdout.encoding" value="Cp1252"/>
    <property name="path.separator" value=";"/>
    <property name="os.version" value="10.0"/>
    <property name="java.runtime.name" value="OpenJDK Runtime Environment"/>
    <property name="file.encoding" value="UTF-8"/>
    <property name="java.vm.name" value="OpenJDK 64-Bit Server VM"/>
    <property name="java.vendor.version" value="Temurin-21.0.6+7"/>
    <property name="localRepository" value="C:\Users\vpnar\.m2\repository"/>
    <property name="java.vendor.url.bug" value="https://github.com/adoptium/adoptium-support/issues"/>
    <property name="java.io.tmpdir" value="C:\Users\vpnar\AppData\Local\Temp\"/>
    <property name="java.version" value="21.0.6"/>
    <property name="user.dir" value="C:\Users\vpnar\eclipse-workspace\SampleTest"/>
    <property name="os.arch" value="amd64"/>
    <property name="java.vm.specification.name" value="Java Virtual Machine Specification"/>
    <property name="sun.os.patch.level" value=""/>
    <property name="native.encoding" value="Cp1252"/>
    <property name="java.library.path" value="C:\Users\vpnar\.p2\pool\plugins\org.eclipse.justj.openjdk.hotspot.jre.full.win32.x86_64_21.0.6.v20250130-0529\jre\bin;C:\Windows\Sun\Java\bin;C:\Windows\system32;C:\Windows;C:/Users/vpnar/.p2/pool/plugins/org.eclipse.justj.openjdk.hotspot.jre.full.win32.x86_64_21.0.6.v20250130-0529/jre/bin/server;C:/Users/vpnar/.p2/pool/plugins/org.eclipse.justj.openjdk.hotspot.jre.full.win32.x86_64_21.0.6.v20250130-0529/jre/bin;C:\Program Files\Common Files\Oracle\Java\javapath;C:\Windows\system32;C:\Windows;C:\Windows\System32\Wbem;C:\Windows\System32\WindowsPowerShell\v1.0\;C:\Windows\System32\OpenSSH\;C:\Program Files (x86)\Microsoft SQL Server\160\Tools\Binn\;C:\Program Files\Microsoft SQL Server\160\Tools\Binn\;C:\Program Files\Microsoft SQL Server\Client SDK\ODBC\170\Tools\Binn\;C:\Program Files\Microsoft SQL Server\160\DTS\Binn\;C:\Program Files (x86)\Microsoft SQL Server\160\DTS\Binn\;C:\Program Files\Java\jdk-21\bin;C:\software\android_sdk\cmdline-tools\Latest\bin;C:\software\android_sdk\platform-tools;C:\Program Files\nodejs\;C:\Program Files\Git\cmd;C:\Program Files\Java\jdk-21\bin;C:\software\apache-maven-3.9.10\bin;C:\Users\vpnar\AppData\Local\Microsoft\WindowsApps;;C:\Program Files\JetBrains\IntelliJ IDEA Community Edition 2024.3.5\bin;;C:\Users\vpnar\AppData\Roaming\npm;C:\Users\vpnar\OneDrive\Desktop;;."/>
    <property name="java.vm.info" value="mixed mode, sharing"/>
    <property name="stderr.encoding" value="Cp1252"/>
    <property name="java.vendor" value="Eclipse Adoptium"/>
    <property name="java.vm.version" value="21.0.6+7-LTS"/>
    <property name="sun.io.unicode.encoding" value="UnicodeLittle"/>
    <property name="java.class.version" value="65.0"/>
  </properties>
  <testcase name="omrLogin" classname="com.apptest.AppTest" time="3.817">
    <system-err><![CDATA[SLF4J(W): No SLF4J providers were found.
SLF4J(W): Defaulting to no-operation (NOP) logger implementation
SLF4J(W): See https://www.slf4j.org/codes.html#noProviders for further details.
Jul 09, 2025 3:52:13 PM org.openqa.selenium.devtools.CdpVersionFinder findNearestMatch
WARNING: Unable to find an exact match for CDP version 138, returning the closest version; found: 135; Please update to a Selenium version that supports CDP version 138
]]></system-err>
  </testcase>
  <testcase name="testLogin1" classname="com.sampletest.SampleTest" time="0.005">
    <system-out><![CDATA[abc
abc@gmail.com
]]></system-out>
  </testcase>
  <testcase name="testLogin2" classname="com.sampletest.SampleTest" time="0.004">
    <system-out><![CDATA[abc
abc@gmail.com
]]></system-out>
  </testcase>
</testsuite>