<?xml version="1.0" encoding="UTF-8"?>
<!-- Generated by org.testng.reporters.JUnitReportReporter -->
<testsuite hostname="VishnuPriya" failures="0" tests="2" name="com.sampletest.SampleTest" time="0.012" errors="0" timestamp="2025-07-09T15:49:01 IST" skipped="0">
  <testcase classname="com.sampletest.SampleTest" name="testLogin2" time="0.001"/>
  <testcase classname="com.sampletest.SampleTest" name="testLogin1" time="0.011"/>
</testsuite> <!-- com.sampletest.SampleTest -->
