<?xml version="1.0" encoding="UTF-8"?>
<!-- Generated by org.testng.reporters.JUnitReportReporter -->
<testsuite hostname="VishnuPriya" failures="0" tests="1" name="com.apptest.AppTest" time="3.812" errors="0" timestamp="2025-07-09T15:52:16 IST" skipped="0">
  <testcase classname="com.apptest.AppTest" name="omrLogin" time="3.812"/>
</testsuite> <!-- com.apptest.AppTest -->
