<?xml version="1.0" encoding="UTF-8"?>
<!-- Generated by org.testng.reporters.JUnitReportReporter -->
<testsuite hostname="VishnuPriya" failures="0" tests="2" name="com.sampletest.SampleTest" time="0.008" errors="0" timestamp="2025-07-09T15:52:16 IST" skipped="0">
  <testcase classname="com.sampletest.SampleTest" name="testLogin1" time="0.005"/>
  <testcase classname="com.sampletest.SampleTest" name="testLogin2" time="0.003"/>
</testsuite> <!-- com.sampletest.SampleTest -->
